build/app/intermediates/manifest_merge_blame_file/release/manifest-merger-blame-release-report.txt
1<?xml version="1.0" encoding="utf-8"?>
2<manifest xmlns:android="http://schemas.android.com/apk/res/android"
3    package="com.example.todo_app"
4    android:versionCode="4001"
5    android:versionName="1.0.0" >
6
7    <uses-sdk
8        android:minSdkVersion="21"
8-->src/main/AndroidManifest.xml
9        android:targetSdkVersion="34" />
9-->src/main/AndroidManifest.xml
10    <!--
11         Required to query activities that can process text, see:
12         https://developer.android.com/training/package-visibility and
13         https://developer.android.com/reference/android/content/Intent#ACTION_PROCESS_TEXT.
14
15         In particular, this is used by the Flutter engine in io.flutter.plugin.text.ProcessTextPlugin.
16    -->
17    <queries>
17-->src/main/AndroidManifest.xml:39:5-44:15
18        <intent>
18-->src/main/AndroidManifest.xml:40:9-43:18
19            <action android:name="android.intent.action.PROCESS_TEXT" />
19-->src/main/AndroidManifest.xml:41:13-72
19-->src/main/AndroidManifest.xml:41:21-70
20
21            <data android:mimeType="text/plain" />
21-->src/main/AndroidManifest.xml:42:13-50
21-->src/main/AndroidManifest.xml:42:19-48
22        </intent>
23    </queries>
24
25    <application
26        android:name="android.app.Application"
26-->src/main/AndroidManifest.xml:4:9-42
27        android:appComponentFactory="androidx.core.app.CoreComponentFactory"
27-->[androidx.core:core:1.6.0] AndroidManifest.xml:24:18-86
28        android:icon="@mipmap/ic_launcher"
28-->src/main/AndroidManifest.xml:5:9-43
29        android:label="todo_app" >
29-->src/main/AndroidManifest.xml:3:9-33
30        <activity
30-->src/main/AndroidManifest.xml:6:9-27:20
31            android:name="com.example.todo_app.MainActivity"
31-->src/main/AndroidManifest.xml:7:13-41
32            android:configChanges="orientation|keyboardHidden|keyboard|screenSize|smallestScreenSize|locale|layoutDirection|fontScale|screenLayout|density|uiMode"
32-->src/main/AndroidManifest.xml:12:13-163
33            android:exported="true"
33-->src/main/AndroidManifest.xml:8:13-36
34            android:hardwareAccelerated="true"
34-->src/main/AndroidManifest.xml:13:13-47
35            android:launchMode="singleTop"
35-->src/main/AndroidManifest.xml:9:13-43
36            android:taskAffinity=""
36-->src/main/AndroidManifest.xml:10:13-36
37            android:theme="@style/LaunchTheme"
37-->src/main/AndroidManifest.xml:11:13-47
38            android:windowSoftInputMode="adjustResize" >
38-->src/main/AndroidManifest.xml:14:13-55
39
40            <!--
41                 Specifies an Android theme to apply to this Activity as soon as
42                 the Android process has started. This theme is visible to the user
43                 while the Flutter UI initializes. After that, this theme continues
44                 to determine the Window background behind the Flutter UI.
45            -->
46            <meta-data
46-->src/main/AndroidManifest.xml:19:13-22:17
47                android:name="io.flutter.embedding.android.NormalTheme"
47-->src/main/AndroidManifest.xml:20:15-70
48                android:resource="@style/NormalTheme" />
48-->src/main/AndroidManifest.xml:21:15-52
49
50            <intent-filter>
50-->src/main/AndroidManifest.xml:23:13-26:29
51                <action android:name="android.intent.action.MAIN" />
51-->src/main/AndroidManifest.xml:24:17-68
51-->src/main/AndroidManifest.xml:24:25-66
52
53                <category android:name="android.intent.category.LAUNCHER" />
53-->src/main/AndroidManifest.xml:25:17-76
53-->src/main/AndroidManifest.xml:25:27-74
54            </intent-filter>
55        </activity>
56        <!--
57             Don't delete the meta-data below.
58             This is used by the Flutter tool to generate GeneratedPluginRegistrant.java
59        -->
60        <meta-data
60-->src/main/AndroidManifest.xml:30:9-32:33
61            android:name="flutterEmbedding"
61-->src/main/AndroidManifest.xml:31:13-44
62            android:value="2" />
62-->src/main/AndroidManifest.xml:32:13-30
63
64        <uses-library
64-->[androidx.window:window:1.0.0-beta04] AndroidManifest.xml:25:9-27:40
65            android:name="androidx.window.extensions"
65-->[androidx.window:window:1.0.0-beta04] AndroidManifest.xml:26:13-54
66            android:required="false" />
66-->[androidx.window:window:1.0.0-beta04] AndroidManifest.xml:27:13-37
67        <uses-library
67-->[androidx.window:window:1.0.0-beta04] AndroidManifest.xml:28:9-30:40
68            android:name="androidx.window.sidecar"
68-->[androidx.window:window:1.0.0-beta04] AndroidManifest.xml:29:13-51
69            android:required="false" />
69-->[androidx.window:window:1.0.0-beta04] AndroidManifest.xml:30:13-37
70
71        <provider
71-->[androidx.startup:startup-runtime:1.1.1] AndroidManifest.xml:26:9-30:34
72            android:name="androidx.startup.InitializationProvider"
72-->[androidx.startup:startup-runtime:1.1.1] AndroidManifest.xml:27:13-67
73            android:authorities="com.example.todo_app.androidx-startup"
73-->[androidx.startup:startup-runtime:1.1.1] AndroidManifest.xml:28:13-68
74            android:exported="false" />
74-->[androidx.startup:startup-runtime:1.1.1] AndroidManifest.xml:29:13-37
75    </application>
76
77</manifest>